#
# There is insufficient memory for the Java Runtime Environment to continue.
# Native memory allocation (mmap) failed to map 268435456 bytes for Failed to commit area from 0x0000000701c00000 to 0x0000000711c00000 of length 268435456.
# Possible reasons:
#   The system is out of physical RAM or swap space
#   The process is running with CompressedOops enabled, and the Java Heap may be blocking the growth of the native heap
# Possible solutions:
#   Reduce memory load on the system
#   Increase physical memory or swap space
#   Check if swap backing store is full
#   Decrease Java heap size (-Xmx/-Xms)
#   Decrease number of Java threads
#   Decrease Java thread stack sizes (-Xss)
#   Set larger code cache with -XX:ReservedCodeCacheSize=
# This output file may be truncated or incomplete.
#
#  Out of Memory Error (./src/hotspot/os/windows/os_windows.cpp:3521), pid=15508, tid=18092
#
# JRE version:  (11.0.12+7) (build )
# Java VM: OpenJDK 64-Bit Server VM (11.0.12+7-b1504.40, mixed mode, sharing, tiered, compressed oops, g1 gc, windows-amd64)
# No core dump will be written. Minidumps are not enabled by default on client versions of Windows
#

---------------  S U M M A R Y ------------

Command Line: git4idea.http.GitAskPassApp Username for 'https://gitee.com': 

Host: Intel(R) Core(TM) i7-6700K CPU @ 4.00GHz, 8 cores, 15G,  Windows 10 , 64 bit Build 18362 (10.0.18362.1110)
Time: Wed Apr 27 19:10:53 2022 ?D1¨²¡À¨º¡Á?¨º¡À?? elapsed time: 0.021814 seconds (0d 0h 0m 0s)

---------------  T H R E A D  ---------------

Current thread (0x000001d3eb119800):  JavaThread "Unknown thread" [_thread_in_vm, id=18092, stack(0x0000004bddf00000,0x0000004bde000000)]

Stack: [0x0000004bddf00000,0x0000004bde000000]
Native frames: (J=compiled Java code, j=interpreted, Vv=VM code, C=native code)
V  [jvm.dll+0x5ff40a]
V  [jvm.dll+0x783b65]
V  [jvm.dll+0x78517d]
V  [jvm.dll+0x785833]
V  [jvm.dll+0x249408]
V  [jvm.dll+0x5fc7f4]
V  [jvm.dll+0x5f13c5]
V  [jvm.dll+0x3076bb]
V  [jvm.dll+0x30762a]
V  [jvm.dll+0x307502]
V  [jvm.dll+0x30c466]
V  [jvm.dll+0x355543]
V  [jvm.dll+0x355c46]
V  [jvm.dll+0x355643]
V  [jvm.dll+0x2e2018]
V  [jvm.dll+0x2e31c7]
V  [jvm.dll+0x761f57]
V  [jvm.dll+0x76374c]
V  [jvm.dll+0x362ab9]
V  [jvm.dll+0x7455be]
V  [jvm.dll+0x3cb673]
V  [jvm.dll+0x3cda21]
C  [jli.dll+0x536b]
C  [ucrtbase.dll+0x210b2]
C  [KERNEL32.DLL+0x17c24]
C  [ntdll.dll+0x6d4d1]


---------------  P R O C E S S  ---------------

Threads class SMR info:
_java_thread_list=0x000001d3e9763a40, length=0, elements={
}

Java Threads: ( => current thread )

Other Threads:
  0x000001d3eb131000 GCTaskThread "GC Thread#0" [stack: 0x0000004bde000000,0x0000004bde100000] [id=14700]
  0x000001d3eb18e800 ConcurrentGCThread "G1 Main Marker" [stack: 0x0000004bde100000,0x0000004bde200000] [id=2200]
  0x000001d3eb190000 ConcurrentGCThread "G1 Conc#0" [stack: 0x0000004bde200000,0x0000004bde300000] [id=14496]

[error occurred during error reporting (printing all threads), id 0xc0000005, EXCEPTION_ACCESS_VIOLATION (0xc0000005) at pc=0x00007ffd356227a7]

VM state:not at safepoint (not fully initialized)

VM Mutex/Monitor currently owned by a thread:  ([mutex/lock_event])
[0x000001d3eb115e50] Heap_lock - owner thread: 0x000001d3eb119800

Heap address: 0x0000000701c00000, size: 4068 MB, Compressed Oops mode: Non-zero based: 0x0000000701c00000
Narrow klass base: 0x0000000000000000, Narrow klass shift: 0

GC Heap History (0 events):
No events

Deoptimization events (0 events):
No events

Classes redefined (0 events):
No events

Internal exceptions (0 events):
No events

Events (1 events):
Event: 0.012 Loaded shared library D:\PyCharm\PyCharm 2021.2.3\jbr\bin\zip.dll


Dynamic libraries:
0x00007ff76d520000 - 0x00007ff76d52a000 	D:\PyCharm\PyCharm 2021.2.3\jbr\bin\java.exe
0x00007ffd8e1a0000 - 0x00007ffd8e390000 	C:\WINDOWS\SYSTEM32\ntdll.dll
0x00007ffd8d880000 - 0x00007ffd8d932000 	C:\WINDOWS\System32\KERNEL32.DLL
0x00007ffd8b1d0000 - 0x00007ffd8b475000 	C:\WINDOWS\System32\KERNELBASE.dll
0x00007ffd8b020000 - 0x00007ffd8b11a000 	C:\WINDOWS\System32\ucrtbase.dll
0x00007ffd74f20000 - 0x00007ffd74f39000 	D:\PyCharm\PyCharm 2021.2.3\jbr\bin\jli.dll
0x00007ffd74d10000 - 0x00007ffd74d27000 	D:\PyCharm\PyCharm 2021.2.3\jbr\bin\VCRUNTIME140.dll
0x00007ffd8cc00000 - 0x00007ffd8cd94000 	C:\WINDOWS\System32\USER32.dll
0x00007ffd8b490000 - 0x00007ffd8b4b1000 	C:\WINDOWS\System32\win32u.dll
0x00007ffd8d1b0000 - 0x00007ffd8d1d6000 	C:\WINDOWS\System32\GDI32.dll
0x00007ffd8ae80000 - 0x00007ffd8b016000 	C:\WINDOWS\System32\gdi32full.dll
0x00007ffd8be00000 - 0x00007ffd8be9e000 	C:\WINDOWS\System32\msvcp_win.dll
0x00007ffd7e4f0000 - 0x00007ffd7e774000 	C:\WINDOWS\WinSxS\amd64_microsoft.windows.common-controls_6595b64144ccf1df_6.0.18362.1256_none_9e7e379be45e40e2\COMCTL32.dll
0x00007ffd8c110000 - 0x00007ffd8c1ae000 	C:\WINDOWS\System32\msvcrt.dll
0x00007ffd8d320000 - 0x00007ffd8d656000 	C:\WINDOWS\System32\combase.dll
0x00007ffd8d6c0000 - 0x00007ffd8d7e0000 	C:\WINDOWS\System32\RPCRT4.dll
0x00007ffd8b140000 - 0x00007ffd8b1c1000 	C:\WINDOWS\System32\bcryptPrimitives.dll
0x00007ffd8d850000 - 0x00007ffd8d87e000 	C:\WINDOWS\System32\IMM32.DLL
0x0000000057b00000 - 0x0000000057b0c000 	C:\Program Files (x86)\360\360Safe\safemon\SafeWrapper.dll
0x00007ffd8d100000 - 0x00007ffd8d1a3000 	C:\WINDOWS\System32\ADVAPI32.dll
0x00007ffd8c280000 - 0x00007ffd8c317000 	C:\WINDOWS\System32\sechost.dll
0x00007ffd6d880000 - 0x00007ffd6d912000 	C:\Program Files (x86)\360\360Safe\safemon\libzdtp64.dll
0x00007ffd8d940000 - 0x00007ffd8e027000 	C:\WINDOWS\System32\SHELL32.dll
0x00007ffd8bf90000 - 0x00007ffd8bfda000 	C:\WINDOWS\System32\cfgmgr32.dll
0x00007ffd8c330000 - 0x00007ffd8c3d9000 	C:\WINDOWS\System32\shcore.dll
0x00007ffd8b520000 - 0x00007ffd8bca1000 	C:\WINDOWS\System32\windows.storage.dll
0x00007ffd8adf0000 - 0x00007ffd8ae13000 	C:\WINDOWS\System32\profapi.dll
0x00007ffd8c010000 - 0x00007ffd8c05a000 	C:\WINDOWS\System32\powrprof.dll
0x00007ffd8ae40000 - 0x00007ffd8ae50000 	C:\WINDOWS\System32\UMPDC.dll
0x00007ffd8cda0000 - 0x00007ffd8cdf2000 	C:\WINDOWS\System32\shlwapi.dll
0x00007ffd8ae20000 - 0x00007ffd8ae31000 	C:\WINDOWS\System32\kernel.appcore.dll
0x00007ffd8b120000 - 0x00007ffd8b137000 	C:\WINDOWS\System32\cryptsp.dll
0x00007ffd8a980000 - 0x00007ffd8a98a000 	C:\WINDOWS\SYSTEM32\VERSION.dll
0x00007ffd73610000 - 0x00007ffd736ad000 	D:\PyCharm\PyCharm 2021.2.3\jbr\bin\msvcp140.dll
0x00007ffd35330000 - 0x00007ffd35e88000 	D:\PyCharm\PyCharm 2021.2.3\jbr\bin\server\jvm.dll
0x00007ffd8bfe0000 - 0x00007ffd8c004000 	C:\WINDOWS\System32\WINMM.dll
0x00007ffd8ada0000 - 0x00007ffd8adcd000 	C:\WINDOWS\System32\WINMMBASE.dll
0x00007ffd8d060000 - 0x00007ffd8d068000 	C:\WINDOWS\System32\PSAPI.DLL
0x00007ffd69ce0000 - 0x00007ffd69ce9000 	C:\WINDOWS\SYSTEM32\WSOCK32.dll
0x00007ffd8e0d0000 - 0x00007ffd8e13f000 	C:\WINDOWS\System32\WS2_32.dll
0x00007ffd6ba40000 - 0x00007ffd6ba51000 	D:\PyCharm\PyCharm 2021.2.3\jbr\bin\verify.dll
0x00007ffd71220000 - 0x00007ffd71414000 	C:\WINDOWS\SYSTEM32\DBGHELP.DLL
0x00007ffd6a540000 - 0x00007ffd6a56a000 	C:\WINDOWS\SYSTEM32\dbgcore.DLL
0x00007ffd6ba10000 - 0x00007ffd6ba39000 	D:\PyCharm\PyCharm 2021.2.3\jbr\bin\java.dll
0x00007ffd71180000 - 0x00007ffd7118b000 	D:\PyCharm\PyCharm 2021.2.3\jbr\bin\jimage.dll
0x00007ffd6b9f0000 - 0x00007ffd6ba08000 	D:\PyCharm\PyCharm 2021.2.3\jbr\bin\zip.dll

dbghelp: loaded successfully - version: 4.0.5 - missing functions: none
symbol engine: initialized successfully - sym options: 0x614 - pdb path: .;D:\PyCharm\PyCharm 2021.2.3\jbr\bin;C:\WINDOWS\SYSTEM32;C:\WINDOWS\WinSxS\amd64_microsoft.windows.common-controls_6595b64144ccf1df_6.0.18362.1256_none_9e7e379be45e40e2;C:\Program Files (x86)\360\360Safe\safemon;D:\PyCharm\PyCharm 2021.2.3\jbr\bin\server

VM Arguments:
java_command: git4idea.http.GitAskPassApp Username for 'https://gitee.com': 
java_class_path (initial): D:/PyCharm/PyCharm 2021.2.3/plugins/git4idea/lib/git4idea-rt.jar;D:/PyCharm/PyCharm 2021.2.3/lib/3rd-party.jar
Launcher Type: SUN_STANDARD

[Global flags]
     intx CICompilerCount                          = 4                                         {product} {ergonomic}
     uint ConcGCThreads                            = 2                                         {product} {ergonomic}
     uint G1ConcRefinementThreads                  = 8                                         {product} {ergonomic}
   size_t G1HeapRegionSize                         = 1048576                                   {product} {ergonomic}
    uintx GCDrainStackTargetSize                   = 64                                        {product} {ergonomic}
   size_t InitialHeapSize                          = 268435456                                 {product} {ergonomic}
   size_t MarkStackSize                            = 4194304                                   {product} {ergonomic}
   size_t MaxHeapSize                              = 4265607168                                {product} {ergonomic}
   size_t MinHeapDeltaBytes                        = 1048576                                   {product} {ergonomic}
    uintx NonNMethodCodeHeapSize                   = 5836300                                {pd product} {ergonomic}
    uintx NonProfiledCodeHeapSize                  = 122910970                              {pd product} {ergonomic}
    uintx ProfiledCodeHeapSize                     = 122910970                              {pd product} {ergonomic}
    uintx ReservedCodeCacheSize                    = 251658240                              {pd product} {ergonomic}
     bool SegmentedCodeCache                       = true                                      {product} {ergonomic}
     bool UseCompressedClassPointers               = true                                 {lp64_product} {ergonomic}
     bool UseCompressedOops                        = true                                 {lp64_product} {ergonomic}
     bool UseG1GC                                  = true                                      {product} {ergonomic}
     bool UseLargePagesIndividualAllocation        = false                                  {pd product} {ergonomic}

Logging:
Log output configuration:
 #0: stdout all=warning uptime,level,tags
 #1: stderr all=off uptime,level,tags

Environment Variables:
JAVA_HOME=E:\JDK
CLASSPATH=,E:\JDK\lib,E:\JDK\lib\tools.jar
PATH=D:\git\Git\mingw64\libexec\git-core;D:\git\Git\mingw64\libexec\git-core;D:\git\Git\mingw64\bin;D:\git\Git\usr\bin;C:\Users\Administrator\bin;D:\Camera_daheng\GalaxySDK\GenICam\bin\Win64_x64;D:\Camera_daheng\GalaxySDK\APIDll\Win64;D:\Camera_daheng\GalaxySDK\GenICam\bin\Win32_i86;D:\Camera_daheng\GalaxySDK\APIDll\Win32;C:\Program Files\Common Files\Oracle\Java\javapath;C:\Program Files\NVIDIA GPU Computing Toolkit\CUDA\v11.2\bin;C:\Program Files\NVIDIA GPU Computing Toolkit\CUDA\v11.2\libnvvp;D:\Xftp;D:\XShell;C:\WINDOWS\system32;C:\WINDOWS;C:\WINDOWS\System32\Wbem;C:\WINDOWS\System32\WindowsPowerShell\v1.0;D:\Opencv\opencv\build\x64\vc15\bin;D:\cmake\bin;C:\Program Files\dotnet;C:\WINDOWS\System32\OpenSSH;D:\Anaconda;D:\Anaconda\Scripts;D:\Anaconda\Library\bin;D:\Anaconda\Library\mingw-w64\bin;C:\Program Files\NVIDIA Corporation\NVIDIA NvDLISR;C:\Program Files\NVIDIA Corporation\Nsight Compute 2020.3.0;D:\Qt5\5.14.2\msvc2017_64\bin;E:\Matlab\bin;E:\JDK\bi;E:\JDK\jre\bin;.;C:\Users\Administrator\AppData\Local\Android\Sdk\tools;E:\Matlab2014\app\runtime\win64;E:\Matlab2014\app\bin;E:\Matlab2014\app\polyspace\bin;D:\git\Git\cmd;C:\Program Files (x86)\NVIDIA Corporation\PhysX\Common;D:\PCL\PCL 1.12.1\bin;D:\PCL\PCL 1.12.1\3rdParty\FLANN\bin;D:\PCL\PCL 1.12.1\3rdParty\VTK\bin;D:\PCL\PCL 1.12.1\3rdParty\Qhull\bin;C:\Program Files\OpenNI2\Tools;D:\VS2019\VC\Tools\MSVC\14.28.29333\bin\Hostx64\x64;C:\Users\Administrator\.dotnet\tools;D:\VSCode\Microsoft VS Code\bin;C:\Users\Administrator\AppData\Local\Microsoft\WindowsApps;D:\PyCharm\PyCharm Community Edition 2020.3.3\bin;D:\PyCharm\PyCharm 2021.2.3\bin
USERNAME=Administrator
DISPLAY=:0.0
LC_ALL=en_US.UTF-8
OS=Windows_NT
PROCESSOR_IDENTIFIER=Intel64 Family 6 Model 94 Stepping 3, GenuineIntel



---------------  S Y S T E M  ---------------

OS: Windows 10 , 64 bit Build 18362 (10.0.18362.1110)
OS uptime: 0 days 5:02 hours

CPU:total 8 (initial active 8) (4 cores per cpu, 2 threads per core) family 6 model 94 stepping 3 microcode 0xc6, cmov, cx8, fxsr, mmx, sse, sse2, sse3, ssse3, sse4.1, sse4.2, popcnt, avx, avx2, aes, clmul, erms, rtm, 3dnowpref, lzcnt, ht, tsc, tscinvbit, bmi1, bmi2, adx, fma

Memory: 4k page, system-wide physical 16269M (6095M free)
TotalPageFile size 20365M (AvailPageFile size 214M)
current process WorkingSet (physical memory assigned to process): 12M, peak: 12M
current process commit charge ("private bytes"): 61M, peak: 317M

vm_info: OpenJDK 64-Bit Server VM (11.0.12+7-b1504.40) for windows-amd64 JRE (11.0.12+7-b1504.40), built on Sep 23 2021 14:38:03 by "" with MS VC++ 14.0 (VS2015)

END.
